<?xml version="1.0" encoding="UTF-8"?>
<testng-results ignored="0" total="1" passed="1" failed="0" skipped="0">
  <reporter-output>
  </reporter-output>
  <suite started-at="2024-06-27T01:38:51Z" name="Default suite" finished-at="2024-06-27T01:38:55Z" duration-ms="4510">
    <groups>
    </groups>
    <test started-at="2024-06-27T01:38:51Z" name="Default test" finished-at="2024-06-27T01:38:55Z" duration-ms="4510">
      <class name="MyClassTest">
        <test-method signature="myMethod()[pri:0, instance:MyClassTest@5ba88be8]" started-at="2024-06-27T01:38:51Z" name="myMethod" finished-at="2024-06-27T01:38:55Z" duration-ms="4495" status="PASS">
          <reporter-output>
          </reporter-output>
        </test-method> <!-- myMethod -->
      </class> <!-- MyClassTest -->
    </test> <!-- Default test -->
  </suite> <!-- Default suite -->
</testng-results>
